2025-12-05 15:20:55 INFO  [restartedMain] [] com.auth.AuthAppApplication - Starting AuthAppApplication using Java 17.0.11 with PID 20288 (D:\Spring Boot Projects\authentication-app\auth-app-backend\target\classes started by Aadil Noor in D:\Spring Boot Projects\authentication-app\auth-app-backend)
2025-12-05 15:20:55 INFO  [restartedMain] [] com.auth.AuthAppApplication - The following 1 profile is active: "dev"
2025-12-05 15:20:55 INFO  [restartedMain] [] o.s.b.d.e.DevToolsPropertyDefaultsPostProcessor - Devtools property defaults active! Set 'spring.devtools.add-properties' to 'false' to disable
2025-12-05 15:20:55 INFO  [restartedMain] [] o.s.b.d.e.DevToolsPropertyDefaultsPostProcessor - For additional web related logging consider setting the 'logging.level.web' property to 'DEBUG'
2025-12-05 15:20:56 INFO  [background-preinit] [] o.h.validator.internal.util.Version - HV000001: Hibernate Validator 9.0.1.Final
2025-12-05 15:20:58 INFO  [restartedMain] [] o.s.d.r.c.RepositoryConfigurationDelegate - Bootstrapping Spring Data JPA repositories in DEFAULT mode.
2025-12-05 15:20:58 INFO  [restartedMain] [] o.s.d.r.c.RepositoryConfigurationDelegate - Finished Spring Data repository scanning in 107 ms. Found 2 JPA repository interfaces.
2025-12-05 15:20:59 INFO  [restartedMain] [] o.s.boot.tomcat.TomcatWebServer - Tomcat initialized with port 8081 (http)
2025-12-05 15:20:59 INFO  [restartedMain] [] o.a.coyote.http11.Http11NioProtocol - Initializing ProtocolHandler ["http-nio-8081"]
2025-12-05 15:20:59 INFO  [restartedMain] [] o.a.catalina.core.StandardService - Starting service [Tomcat]
2025-12-05 15:20:59 INFO  [restartedMain] [] o.a.catalina.core.StandardEngine - Starting Servlet engine: [Apache Tomcat/11.0.14]
2025-12-05 15:20:59 INFO  [restartedMain] [] o.s.b.w.c.s.WebApplicationContextInitializer - Root WebApplicationContext: initialization completed in 3622 ms
2025-12-05 15:20:59 INFO  [restartedMain] [] o.h.jpa.internal.util.LogHelper - HHH000204: Processing PersistenceUnitInfo [name: default]
2025-12-05 15:20:59 INFO  [restartedMain] [] org.hibernate.Version - HHH000412: Hibernate ORM core version 7.1.8.Final
2025-12-05 15:21:00 INFO  [restartedMain] [] o.s.o.j.p.SpringPersistenceUnitInfo - No LoadTimeWeaver setup: ignoring JPA class transformer
2025-12-05 15:21:00 INFO  [restartedMain] [] com.zaxxer.hikari.HikariDataSource - HikariPool-1 - Starting...
2025-12-05 15:21:01 INFO  [restartedMain] [] com.zaxxer.hikari.pool.HikariPool - HikariPool-1 - Added connection com.mysql.cj.jdbc.ConnectionImpl@781c4dce
2025-12-05 15:21:01 INFO  [restartedMain] [] com.zaxxer.hikari.HikariDataSource - HikariPool-1 - Start completed.
2025-12-05 15:21:01 WARN  [restartedMain] [] org.hibernate.orm.deprecation - HHH90000025: MySQLDialect does not need to be specified explicitly using 'hibernate.dialect' (remove the property setting and it will be selected by default)
2025-12-05 15:21:01 INFO  [restartedMain] [] o.hibernate.orm.connections.pooling - HHH10001005: Database info:
	Database JDBC URL [jdbc:mysql://localhost:3306/auth_db]
	Database driver: MySQL Connector/J
	Database dialect: MySQLDialect
	Database version: 8.0.38
	Default catalog/schema: auth_db/undefined
	Autocommit mode: undefined/unknown
	Isolation level: REPEATABLE_READ [default REPEATABLE_READ]
	JDBC fetch size: none
	Pool: DatasourceConnectionProviderImpl
	Minimum pool size: undefined/unknown
	Maximum pool size: undefined/unknown
2025-12-05 15:21:03 INFO  [restartedMain] [] o.h.e.t.j.p.i.JtaPlatformInitiator - HHH000489: No JTA platform available (set 'hibernate.transaction.jta.platform' to enable JTA platform integration)
2025-12-05 15:21:03 INFO  [restartedMain] [] o.s.o.j.LocalContainerEntityManagerFactoryBean - Initialized JPA EntityManagerFactory for persistence unit 'default'
2025-12-05 15:21:03 INFO  [restartedMain] [] o.s.d.j.r.q.QueryEnhancerFactories - Hibernate is in classpath; If applicable, HQL parser will be used.
2025-12-05 15:21:05 WARN  [restartedMain] [] o.s.b.j.a.JpaBaseConfiguration$JpaWebConfiguration - spring.jpa.open-in-view is enabled by default. Therefore, database queries may be performed during view rendering. Explicitly configure spring.jpa.open-in-view to disable this warning
2025-12-05 15:21:05 INFO  [restartedMain] [] o.s.s.c.a.a.c.InitializeUserDetailsBeanManagerConfigurer$InitializeUserDetailsManagerConfigurer - Global AuthenticationManager configured with UserDetailsService bean with name customUserDetailsService
2025-12-05 15:21:06 INFO  [restartedMain] [] o.a.coyote.http11.Http11NioProtocol - Starting ProtocolHandler ["http-nio-8081"]
2025-12-05 15:21:06 INFO  [restartedMain] [] o.s.boot.tomcat.TomcatWebServer - Tomcat started on port 8081 (http) with context path '/'
2025-12-05 15:21:06 INFO  [restartedMain] [] com.auth.AuthAppApplication - Started AuthAppApplication in 14.003 seconds (process running for 15.533)
2025-12-05 15:21:57 INFO  [http-nio-8081-exec-1] [] o.a.c.c.C.[Tomcat].[localhost].[/] - Initializing Spring DispatcherServlet 'dispatcherServlet'
2025-12-05 15:21:57 INFO  [http-nio-8081-exec-1] [] o.s.web.servlet.DispatcherServlet - Initializing Servlet 'dispatcherServlet'
2025-12-05 15:21:57 INFO  [http-nio-8081-exec-1] [] o.s.web.servlet.DispatcherServlet - Completed initialization in 5 ms
2025-12-05 15:21:58 INFO  [http-nio-8081-exec-1] [REQ-35703] com.auth.service.impl.AuthService - Registering user: zaid@gmail.com
2025-12-05 15:21:59 INFO  [http-nio-8081-exec-1] [REQ-35703] com.auth.service.impl.AuthService - User registered successfully: 56cd8888-69e1-44b2-bb81-ad00c9cda6ef
2025-12-05 15:22:33 INFO  [http-nio-8081-exec-3] [REQ-56009] c.a.service.impl.RefreshTokenService - Refresh token created for zaid@gmail.com
2025-12-05 15:23:17 INFO  [http-nio-8081-exec-5] [] c.a.s.CustomUserDetailsService - Authenticating user with email: zaid@gmail.com
2025-12-05 15:23:18 INFO  [http-nio-8081-exec-5] [] c.a.s.CustomUserDetailsService - User 'zaid@gmail.com' authenticated with roles []
2025-12-05 15:23:18 INFO  [http-nio-8081-exec-5] [REQ-35695] com.auth.service.impl.UserService - Fetching all users
2025-12-05 15:23:50 ERROR [http-nio-8081-exec-6] [REQ-38869] c.a.exception.GlobalExceptionHandler - IllegalArgumentException at /api/auth/refresh - Refresh token not found
2025-12-05 15:23:50 WARN  [http-nio-8081-exec-6] [REQ-38869] o.s.w.s.m.m.a.ExceptionHandlerExceptionResolver - Resolved [java.lang.IllegalArgumentException: Refresh token not found]
2025-12-05 15:24:23 ERROR [http-nio-8081-exec-8] [REQ-41073] c.a.exception.GlobalExceptionHandler - IllegalArgumentException at /api/auth/refresh - Refresh token not found
2025-12-05 15:24:23 WARN  [http-nio-8081-exec-8] [REQ-41073] o.s.w.s.m.m.a.ExceptionHandlerExceptionResolver - Resolved [java.lang.IllegalArgumentException: Refresh token not found]
2025-12-05 15:24:31 INFO  [http-nio-8081-exec-10] [REQ-16761] c.a.service.impl.RefreshTokenService - Refresh token created for zaid@gmail.com
2025-12-05 15:25:38 INFO  [http-nio-8081-exec-1] [] c.a.s.CustomUserDetailsService - Authenticating user with email: zaid@gmail.com
2025-12-05 15:25:38 INFO  [http-nio-8081-exec-1] [] c.a.s.CustomUserDetailsService - User 'zaid@gmail.com' authenticated with roles []
2025-12-05 15:25:39 INFO  [http-nio-8081-exec-1] [REQ-18305] com.auth.service.impl.UserService - Fetching all users
2025-12-05 15:25:52 INFO  [http-nio-8081-exec-3] [] c.a.s.CustomUserDetailsService - Authenticating user with email: zaid@gmail.com
2025-12-05 15:25:52 INFO  [http-nio-8081-exec-3] [] c.a.s.CustomUserDetailsService - User 'zaid@gmail.com' authenticated with roles []
2025-12-05 15:25:52 INFO  [http-nio-8081-exec-3] [REQ-99565] com.auth.service.impl.UserService - Fetching all users
2025-12-05 15:36:48 INFO  [File Watcher] [] o.s.b.d.a.LocalDevToolsAutoConfiguration$RestartingClassPathChangeChangedEventListener - Restarting due to 1 class path change (1 addition, 0 deletions, 0 modifications)
2025-12-05 15:36:48 INFO  [Thread-1] [] o.s.boot.tomcat.GracefulShutdown - Commencing graceful shutdown. Waiting for active requests to complete
2025-12-05 15:36:48 INFO  [tomcat-shutdown] [] o.a.coyote.http11.Http11NioProtocol - Pausing ProtocolHandler ["http-nio-8081"]
2025-12-05 15:36:48 INFO  [tomcat-shutdown] [] o.s.boot.tomcat.GracefulShutdown - Graceful shutdown complete
2025-12-05 15:36:48 INFO  [Thread-1] [] o.a.coyote.http11.Http11NioProtocol - Stopping ProtocolHandler ["http-nio-8081"]
2025-12-05 15:36:48 INFO  [Thread-1] [] o.s.o.j.LocalContainerEntityManagerFactoryBean - Closing JPA EntityManagerFactory for persistence unit 'default'
2025-12-05 15:36:49 INFO  [Thread-1] [] com.zaxxer.hikari.HikariDataSource - HikariPool-1 - Shutdown initiated...
2025-12-05 15:36:49 INFO  [Thread-1] [] com.zaxxer.hikari.HikariDataSource - HikariPool-1 - Shutdown completed.
2025-12-05 15:36:49 INFO  [restartedMain] [] com.auth.AuthAppApplication - Starting AuthAppApplication using Java 17.0.11 with PID 20288 (D:\Spring Boot Projects\authentication-app\auth-app-backend\target\classes started by Aadil Noor in D:\Spring Boot Projects\authentication-app\auth-app-backend)
2025-12-05 15:36:49 INFO  [restartedMain] [] com.auth.AuthAppApplication - The following 1 profile is active: "dev"
2025-12-05 15:36:50 INFO  [restartedMain] [] o.s.d.r.c.RepositoryConfigurationDelegate - Bootstrapping Spring Data JPA repositories in DEFAULT mode.
2025-12-05 15:36:50 INFO  [restartedMain] [] o.s.d.r.c.RepositoryConfigurationDelegate - Finished Spring Data repository scanning in 53 ms. Found 2 JPA repository interfaces.
2025-12-05 15:36:50 INFO  [restartedMain] [] o.s.boot.tomcat.TomcatWebServer - Tomcat initialized with port 8081 (http)
2025-12-05 15:36:50 INFO  [restartedMain] [] o.a.coyote.http11.Http11NioProtocol - Initializing ProtocolHandler ["http-nio-8081"]
2025-12-05 15:36:50 INFO  [restartedMain] [] o.a.catalina.core.StandardService - Starting service [Tomcat]
2025-12-05 15:36:50 INFO  [restartedMain] [] o.a.catalina.core.StandardEngine - Starting Servlet engine: [Apache Tomcat/11.0.14]
2025-12-05 15:36:50 INFO  [restartedMain] [] o.s.b.w.c.s.WebApplicationContextInitializer - Root WebApplicationContext: initialization completed in 1279 ms
2025-12-05 15:36:51 INFO  [restartedMain] [] o.h.jpa.internal.util.LogHelper - HHH000204: Processing PersistenceUnitInfo [name: default]
2025-12-05 15:36:51 INFO  [restartedMain] [] o.s.o.j.p.SpringPersistenceUnitInfo - No LoadTimeWeaver setup: ignoring JPA class transformer
2025-12-05 15:36:51 INFO  [restartedMain] [] com.zaxxer.hikari.HikariDataSource - HikariPool-2 - Starting...
2025-12-05 15:36:51 INFO  [restartedMain] [] com.zaxxer.hikari.pool.HikariPool - HikariPool-2 - Added connection com.mysql.cj.jdbc.ConnectionImpl@5627388c
2025-12-05 15:36:51 INFO  [restartedMain] [] com.zaxxer.hikari.HikariDataSource - HikariPool-2 - Start completed.
2025-12-05 15:36:51 WARN  [restartedMain] [] org.hibernate.orm.deprecation - HHH90000025: MySQLDialect does not need to be specified explicitly using 'hibernate.dialect' (remove the property setting and it will be selected by default)
2025-12-05 15:36:51 INFO  [restartedMain] [] o.hibernate.orm.connections.pooling - HHH10001005: Database info:
	Database JDBC URL [jdbc:mysql://localhost:3306/auth_db]
	Database driver: MySQL Connector/J
	Database dialect: MySQLDialect
	Database version: 8.0.38
	Default catalog/schema: auth_db/undefined
	Autocommit mode: undefined/unknown
	Isolation level: REPEATABLE_READ [default REPEATABLE_READ]
	JDBC fetch size: none
	Pool: DatasourceConnectionProviderImpl
	Minimum pool size: undefined/unknown
	Maximum pool size: undefined/unknown
2025-12-05 15:36:51 INFO  [restartedMain] [] o.h.e.t.j.p.i.JtaPlatformInitiator - HHH000489: No JTA platform available (set 'hibernate.transaction.jta.platform' to enable JTA platform integration)
2025-12-05 15:36:52 INFO  [restartedMain] [] o.s.o.j.LocalContainerEntityManagerFactoryBean - Initialized JPA EntityManagerFactory for persistence unit 'default'
2025-12-05 15:36:52 WARN  [restartedMain] [] o.s.b.j.a.JpaBaseConfiguration$JpaWebConfiguration - spring.jpa.open-in-view is enabled by default. Therefore, database queries may be performed during view rendering. Explicitly configure spring.jpa.open-in-view to disable this warning
2025-12-05 15:36:52 INFO  [restartedMain] [] o.s.s.c.a.a.c.InitializeUserDetailsBeanManagerConfigurer$InitializeUserDetailsManagerConfigurer - Global AuthenticationManager configured with UserDetailsService bean with name customUserDetailsService
2025-12-05 15:36:52 INFO  [restartedMain] [] o.a.coyote.http11.Http11NioProtocol - Starting ProtocolHandler ["http-nio-8081"]
2025-12-05 15:36:53 INFO  [restartedMain] [] o.s.boot.tomcat.TomcatWebServer - Tomcat started on port 8081 (http) with context path '/'
2025-12-05 15:36:53 INFO  [restartedMain] [] com.auth.AuthAppApplication - Started AuthAppApplication in 3.633 seconds (process running for 962.393)
2025-12-05 15:36:53 INFO  [restartedMain] [] o.s.b.d.a.ConditionEvaluationDeltaLoggingListener - Condition evaluation unchanged
2025-12-05 15:37:22 INFO  [File Watcher] [] o.s.b.d.a.LocalDevToolsAutoConfiguration$RestartingClassPathChangeChangedEventListener - Restarting due to 1 class path change (1 addition, 0 deletions, 0 modifications)
2025-12-05 15:37:22 INFO  [Thread-5] [] o.s.boot.tomcat.GracefulShutdown - Commencing graceful shutdown. Waiting for active requests to complete
2025-12-05 15:37:22 INFO  [tomcat-shutdown] [] o.a.coyote.http11.Http11NioProtocol - Pausing ProtocolHandler ["http-nio-8081"]
2025-12-05 15:37:23 INFO  [tomcat-shutdown] [] o.s.boot.tomcat.GracefulShutdown - Graceful shutdown complete
2025-12-05 15:37:23 INFO  [Thread-5] [] o.a.coyote.http11.Http11NioProtocol - Stopping ProtocolHandler ["http-nio-8081"]
2025-12-05 15:37:23 INFO  [Thread-5] [] o.s.o.j.LocalContainerEntityManagerFactoryBean - Closing JPA EntityManagerFactory for persistence unit 'default'
2025-12-05 15:37:23 INFO  [Thread-5] [] com.zaxxer.hikari.HikariDataSource - HikariPool-2 - Shutdown initiated...
2025-12-05 15:37:23 INFO  [Thread-5] [] com.zaxxer.hikari.HikariDataSource - HikariPool-2 - Shutdown completed.
2025-12-05 15:37:23 INFO  [restartedMain] [] com.auth.AuthAppApplication - Starting AuthAppApplication using Java 17.0.11 with PID 20288 (D:\Spring Boot Projects\authentication-app\auth-app-backend\target\classes started by Aadil Noor in D:\Spring Boot Projects\authentication-app\auth-app-backend)
2025-12-05 15:37:23 INFO  [restartedMain] [] com.auth.AuthAppApplication - The following 1 profile is active: "dev"
2025-12-05 15:37:23 INFO  [restartedMain] [] o.s.d.r.c.RepositoryConfigurationDelegate - Bootstrapping Spring Data JPA repositories in DEFAULT mode.
2025-12-05 15:37:23 INFO  [restartedMain] [] o.s.d.r.c.RepositoryConfigurationDelegate - Finished Spring Data repository scanning in 32 ms. Found 2 JPA repository interfaces.
2025-12-05 15:37:24 INFO  [restartedMain] [] o.s.boot.tomcat.TomcatWebServer - Tomcat initialized with port 8081 (http)
2025-12-05 15:37:24 INFO  [restartedMain] [] o.a.coyote.http11.Http11NioProtocol - Initializing ProtocolHandler ["http-nio-8081"]
2025-12-05 15:37:24 INFO  [restartedMain] [] o.a.catalina.core.StandardService - Starting service [Tomcat]
2025-12-05 15:37:24 INFO  [restartedMain] [] o.a.catalina.core.StandardEngine - Starting Servlet engine: [Apache Tomcat/11.0.14]
2025-12-05 15:37:24 INFO  [restartedMain] [] o.s.b.w.c.s.WebApplicationContextInitializer - Root WebApplicationContext: initialization completed in 814 ms
2025-12-05 15:37:24 INFO  [restartedMain] [] o.h.jpa.internal.util.LogHelper - HHH000204: Processing PersistenceUnitInfo [name: default]
2025-12-05 15:37:24 INFO  [restartedMain] [] o.s.o.j.p.SpringPersistenceUnitInfo - No LoadTimeWeaver setup: ignoring JPA class transformer
2025-12-05 15:37:24 INFO  [restartedMain] [] com.zaxxer.hikari.HikariDataSource - HikariPool-3 - Starting...
2025-12-05 15:37:24 INFO  [restartedMain] [] com.zaxxer.hikari.pool.HikariPool - HikariPool-3 - Added connection com.mysql.cj.jdbc.ConnectionImpl@23faee2
2025-12-05 15:37:24 INFO  [restartedMain] [] com.zaxxer.hikari.HikariDataSource - HikariPool-3 - Start completed.
2025-12-05 15:37:24 WARN  [restartedMain] [] org.hibernate.orm.deprecation - HHH90000025: MySQLDialect does not need to be specified explicitly using 'hibernate.dialect' (remove the property setting and it will be selected by default)
2025-12-05 15:37:24 INFO  [restartedMain] [] o.hibernate.orm.connections.pooling - HHH10001005: Database info:
	Database JDBC URL [jdbc:mysql://localhost:3306/auth_db]
	Database driver: MySQL Connector/J
	Database dialect: MySQLDialect
	Database version: 8.0.38
	Default catalog/schema: auth_db/undefined
	Autocommit mode: undefined/unknown
	Isolation level: REPEATABLE_READ [default REPEATABLE_READ]
	JDBC fetch size: none
	Pool: DatasourceConnectionProviderImpl
	Minimum pool size: undefined/unknown
	Maximum pool size: undefined/unknown
2025-12-05 15:37:24 INFO  [restartedMain] [] o.h.e.t.j.p.i.JtaPlatformInitiator - HHH000489: No JTA platform available (set 'hibernate.transaction.jta.platform' to enable JTA platform integration)
2025-12-05 15:37:24 INFO  [restartedMain] [] o.s.o.j.LocalContainerEntityManagerFactoryBean - Initialized JPA EntityManagerFactory for persistence unit 'default'
2025-12-05 15:37:25 WARN  [restartedMain] [] o.s.b.j.a.JpaBaseConfiguration$JpaWebConfiguration - spring.jpa.open-in-view is enabled by default. Therefore, database queries may be performed during view rendering. Explicitly configure spring.jpa.open-in-view to disable this warning
2025-12-05 15:37:25 INFO  [restartedMain] [] o.s.s.c.a.a.c.InitializeUserDetailsBeanManagerConfigurer$InitializeUserDetailsManagerConfigurer - Global AuthenticationManager configured with UserDetailsService bean with name customUserDetailsService
2025-12-05 15:37:25 INFO  [restartedMain] [] o.a.coyote.http11.Http11NioProtocol - Starting ProtocolHandler ["http-nio-8081"]
2025-12-05 15:37:25 INFO  [restartedMain] [] o.s.boot.tomcat.TomcatWebServer - Tomcat started on port 8081 (http) with context path '/'
2025-12-05 15:37:25 INFO  [restartedMain] [] com.auth.AuthAppApplication - Started AuthAppApplication in 2.395 seconds (process running for 995.021)
2025-12-05 15:37:25 INFO  [restartedMain] [] o.s.b.d.a.ConditionEvaluationDeltaLoggingListener - Condition evaluation unchanged
2025-12-05 15:38:32 INFO  [File Watcher] [] o.s.b.d.a.LocalDevToolsAutoConfiguration$RestartingClassPathChangeChangedEventListener - Restarting due to 1 class path change (1 addition, 0 deletions, 0 modifications)
2025-12-05 15:38:32 INFO  [Thread-9] [] o.s.boot.tomcat.GracefulShutdown - Commencing graceful shutdown. Waiting for active requests to complete
2025-12-05 15:38:32 INFO  [tomcat-shutdown] [] o.a.coyote.http11.Http11NioProtocol - Pausing ProtocolHandler ["http-nio-8081"]
2025-12-05 15:38:33 INFO  [tomcat-shutdown] [] o.s.boot.tomcat.GracefulShutdown - Graceful shutdown complete
2025-12-05 15:38:33 INFO  [Thread-9] [] o.a.coyote.http11.Http11NioProtocol - Stopping ProtocolHandler ["http-nio-8081"]
2025-12-05 15:38:33 INFO  [Thread-9] [] o.s.o.j.LocalContainerEntityManagerFactoryBean - Closing JPA EntityManagerFactory for persistence unit 'default'
2025-12-05 15:38:33 INFO  [Thread-9] [] com.zaxxer.hikari.HikariDataSource - HikariPool-3 - Shutdown initiated...
2025-12-05 15:38:33 INFO  [Thread-9] [] com.zaxxer.hikari.HikariDataSource - HikariPool-3 - Shutdown completed.
2025-12-05 15:38:33 INFO  [restartedMain] [] com.auth.AuthAppApplication - Starting AuthAppApplication using Java 17.0.11 with PID 20288 (D:\Spring Boot Projects\authentication-app\auth-app-backend\target\classes started by Aadil Noor in D:\Spring Boot Projects\authentication-app\auth-app-backend)
2025-12-05 15:38:33 INFO  [restartedMain] [] com.auth.AuthAppApplication - The following 1 profile is active: "dev"
2025-12-05 15:38:33 INFO  [restartedMain] [] o.s.d.r.c.RepositoryConfigurationDelegate - Bootstrapping Spring Data JPA repositories in DEFAULT mode.
2025-12-05 15:38:33 INFO  [restartedMain] [] o.s.d.r.c.RepositoryConfigurationDelegate - Finished Spring Data repository scanning in 27 ms. Found 2 JPA repository interfaces.
2025-12-05 15:38:34 INFO  [restartedMain] [] o.s.boot.tomcat.TomcatWebServer - Tomcat initialized with port 8081 (http)
2025-12-05 15:38:34 INFO  [restartedMain] [] o.a.coyote.http11.Http11NioProtocol - Initializing ProtocolHandler ["http-nio-8081"]
2025-12-05 15:38:34 INFO  [restartedMain] [] o.a.catalina.core.StandardService - Starting service [Tomcat]
2025-12-05 15:38:34 INFO  [restartedMain] [] o.a.catalina.core.StandardEngine - Starting Servlet engine: [Apache Tomcat/11.0.14]
2025-12-05 15:38:34 INFO  [restartedMain] [] o.s.b.w.c.s.WebApplicationContextInitializer - Root WebApplicationContext: initialization completed in 820 ms
2025-12-05 15:38:34 INFO  [restartedMain] [] o.h.jpa.internal.util.LogHelper - HHH000204: Processing PersistenceUnitInfo [name: default]
2025-12-05 15:38:34 INFO  [restartedMain] [] o.s.o.j.p.SpringPersistenceUnitInfo - No LoadTimeWeaver setup: ignoring JPA class transformer
2025-12-05 15:38:34 INFO  [restartedMain] [] com.zaxxer.hikari.HikariDataSource - HikariPool-4 - Starting...
2025-12-05 15:38:34 INFO  [restartedMain] [] com.zaxxer.hikari.pool.HikariPool - HikariPool-4 - Added connection com.mysql.cj.jdbc.ConnectionImpl@6cf5c7fb
2025-12-05 15:38:34 INFO  [restartedMain] [] com.zaxxer.hikari.HikariDataSource - HikariPool-4 - Start completed.
2025-12-05 15:38:34 WARN  [restartedMain] [] org.hibernate.orm.deprecation - HHH90000025: MySQLDialect does not need to be specified explicitly using 'hibernate.dialect' (remove the property setting and it will be selected by default)
2025-12-05 15:38:34 INFO  [restartedMain] [] o.hibernate.orm.connections.pooling - HHH10001005: Database info:
	Database JDBC URL [jdbc:mysql://localhost:3306/auth_db]
	Database driver: MySQL Connector/J
	Database dialect: MySQLDialect
	Database version: 8.0.38
	Default catalog/schema: auth_db/undefined
	Autocommit mode: undefined/unknown
	Isolation level: REPEATABLE_READ [default REPEATABLE_READ]
	JDBC fetch size: none
	Pool: DatasourceConnectionProviderImpl
	Minimum pool size: undefined/unknown
	Maximum pool size: undefined/unknown
2025-12-05 15:38:34 INFO  [restartedMain] [] o.h.e.t.j.p.i.JtaPlatformInitiator - HHH000489: No JTA platform available (set 'hibernate.transaction.jta.platform' to enable JTA platform integration)
2025-12-05 15:38:34 INFO  [restartedMain] [] o.s.o.j.LocalContainerEntityManagerFactoryBean - Initialized JPA EntityManagerFactory for persistence unit 'default'
2025-12-05 15:38:34 WARN  [restartedMain] [] o.s.b.j.a.JpaBaseConfiguration$JpaWebConfiguration - spring.jpa.open-in-view is enabled by default. Therefore, database queries may be performed during view rendering. Explicitly configure spring.jpa.open-in-view to disable this warning
2025-12-05 15:38:35 INFO  [restartedMain] [] o.s.s.c.a.a.c.InitializeUserDetailsBeanManagerConfigurer$InitializeUserDetailsManagerConfigurer - Global AuthenticationManager configured with UserDetailsService bean with name customUserDetailsService
2025-12-05 15:38:35 INFO  [restartedMain] [] o.a.coyote.http11.Http11NioProtocol - Starting ProtocolHandler ["http-nio-8081"]
2025-12-05 15:38:35 INFO  [restartedMain] [] o.s.boot.tomcat.TomcatWebServer - Tomcat started on port 8081 (http) with context path '/'
2025-12-05 15:38:35 INFO  [restartedMain] [] com.auth.AuthAppApplication - Started AuthAppApplication in 2.235 seconds (process running for 1064.819)
2025-12-05 15:38:35 INFO  [restartedMain] [] o.s.b.d.a.ConditionEvaluationDeltaLoggingListener - Condition evaluation unchanged
2025-12-05 15:39:19 INFO  [File Watcher] [] o.s.b.d.a.LocalDevToolsAutoConfiguration$RestartingClassPathChangeChangedEventListener - Restarting due to 1 class path change (1 addition, 0 deletions, 0 modifications)
2025-12-05 15:39:19 INFO  [Thread-13] [] o.s.boot.tomcat.GracefulShutdown - Commencing graceful shutdown. Waiting for active requests to complete
2025-12-05 15:39:19 INFO  [tomcat-shutdown] [] o.a.coyote.http11.Http11NioProtocol - Pausing ProtocolHandler ["http-nio-8081"]
2025-12-05 15:39:19 INFO  [tomcat-shutdown] [] o.s.boot.tomcat.GracefulShutdown - Graceful shutdown complete
2025-12-05 15:39:19 INFO  [Thread-13] [] o.a.coyote.http11.Http11NioProtocol - Stopping ProtocolHandler ["http-nio-8081"]
2025-12-05 15:39:19 INFO  [Thread-13] [] o.s.o.j.LocalContainerEntityManagerFactoryBean - Closing JPA EntityManagerFactory for persistence unit 'default'
2025-12-05 15:39:19 INFO  [Thread-13] [] com.zaxxer.hikari.HikariDataSource - HikariPool-4 - Shutdown initiated...
2025-12-05 15:39:19 INFO  [Thread-13] [] com.zaxxer.hikari.HikariDataSource - HikariPool-4 - Shutdown completed.
2025-12-05 15:39:19 INFO  [restartedMain] [] com.auth.AuthAppApplication - Starting AuthAppApplication using Java 17.0.11 with PID 20288 (D:\Spring Boot Projects\authentication-app\auth-app-backend\target\classes started by Aadil Noor in D:\Spring Boot Projects\authentication-app\auth-app-backend)
2025-12-05 15:39:19 INFO  [restartedMain] [] com.auth.AuthAppApplication - The following 1 profile is active: "dev"
2025-12-05 15:39:19 INFO  [restartedMain] [] o.s.d.r.c.RepositoryConfigurationDelegate - Bootstrapping Spring Data JPA repositories in DEFAULT mode.
2025-12-05 15:39:19 INFO  [restartedMain] [] o.s.d.r.c.RepositoryConfigurationDelegate - Finished Spring Data repository scanning in 14 ms. Found 2 JPA repository interfaces.
2025-12-05 15:39:20 INFO  [restartedMain] [] o.s.boot.tomcat.TomcatWebServer - Tomcat initialized with port 8081 (http)
2025-12-05 15:39:20 INFO  [restartedMain] [] o.a.coyote.http11.Http11NioProtocol - Initializing ProtocolHandler ["http-nio-8081"]
2025-12-05 15:39:20 INFO  [restartedMain] [] o.a.catalina.core.StandardService - Starting service [Tomcat]
2025-12-05 15:39:20 INFO  [restartedMain] [] o.a.catalina.core.StandardEngine - Starting Servlet engine: [Apache Tomcat/11.0.14]
2025-12-05 15:39:20 INFO  [restartedMain] [] o.s.b.w.c.s.WebApplicationContextInitializer - Root WebApplicationContext: initialization completed in 420 ms
2025-12-05 15:39:20 INFO  [restartedMain] [] o.h.jpa.internal.util.LogHelper - HHH000204: Processing PersistenceUnitInfo [name: default]
2025-12-05 15:39:20 INFO  [restartedMain] [] o.s.o.j.p.SpringPersistenceUnitInfo - No LoadTimeWeaver setup: ignoring JPA class transformer
2025-12-05 15:39:20 INFO  [restartedMain] [] com.zaxxer.hikari.HikariDataSource - HikariPool-5 - Starting...
2025-12-05 15:39:20 INFO  [restartedMain] [] com.zaxxer.hikari.pool.HikariPool - HikariPool-5 - Added connection com.mysql.cj.jdbc.ConnectionImpl@356b701
2025-12-05 15:39:20 INFO  [restartedMain] [] com.zaxxer.hikari.HikariDataSource - HikariPool-5 - Start completed.
2025-12-05 15:39:20 WARN  [restartedMain] [] org.hibernate.orm.deprecation - HHH90000025: MySQLDialect does not need to be specified explicitly using 'hibernate.dialect' (remove the property setting and it will be selected by default)
2025-12-05 15:39:20 INFO  [restartedMain] [] o.hibernate.orm.connections.pooling - HHH10001005: Database info:
	Database JDBC URL [jdbc:mysql://localhost:3306/auth_db]
	Database driver: MySQL Connector/J
	Database dialect: MySQLDialect
	Database version: 8.0.38
	Default catalog/schema: auth_db/undefined
	Autocommit mode: undefined/unknown
	Isolation level: REPEATABLE_READ [default REPEATABLE_READ]
	JDBC fetch size: none
	Pool: DatasourceConnectionProviderImpl
	Minimum pool size: undefined/unknown
	Maximum pool size: undefined/unknown
2025-12-05 15:39:20 INFO  [restartedMain] [] o.h.e.t.j.p.i.JtaPlatformInitiator - HHH000489: No JTA platform available (set 'hibernate.transaction.jta.platform' to enable JTA platform integration)
2025-12-05 15:39:20 INFO  [restartedMain] [] o.s.o.j.LocalContainerEntityManagerFactoryBean - Initialized JPA EntityManagerFactory for persistence unit 'default'
2025-12-05 15:39:20 WARN  [restartedMain] [] o.s.b.j.a.JpaBaseConfiguration$JpaWebConfiguration - spring.jpa.open-in-view is enabled by default. Therefore, database queries may be performed during view rendering. Explicitly configure spring.jpa.open-in-view to disable this warning
2025-12-05 15:39:20 INFO  [restartedMain] [] o.s.s.c.a.a.c.InitializeUserDetailsBeanManagerConfigurer$InitializeUserDetailsManagerConfigurer - Global AuthenticationManager configured with UserDetailsService bean with name customUserDetailsService
2025-12-05 15:39:20 INFO  [restartedMain] [] o.a.coyote.http11.Http11NioProtocol - Starting ProtocolHandler ["http-nio-8081"]
2025-12-05 15:39:20 INFO  [restartedMain] [] o.s.boot.tomcat.TomcatWebServer - Tomcat started on port 8081 (http) with context path '/'
2025-12-05 15:39:20 INFO  [restartedMain] [] com.auth.AuthAppApplication - Started AuthAppApplication in 1.357 seconds (process running for 1110.361)
2025-12-05 15:39:20 INFO  [restartedMain] [] o.s.b.d.a.ConditionEvaluationDeltaLoggingListener - Condition evaluation unchanged
2025-12-05 15:41:59 INFO  [RMI TCP Connection(39)-127.0.0.1] [] o.s.b.a.SpringApplicationAdminMXBeanRegistrar$SpringApplicationAdmin - Application shutdown requested.
2025-12-05 15:41:59 INFO  [RMI TCP Connection(39)-127.0.0.1] [] o.s.boot.tomcat.GracefulShutdown - Commencing graceful shutdown. Waiting for active requests to complete
2025-12-05 15:41:59 INFO  [tomcat-shutdown] [] o.a.coyote.http11.Http11NioProtocol - Pausing ProtocolHandler ["http-nio-8081"]
2025-12-05 15:41:59 INFO  [tomcat-shutdown] [] o.s.boot.tomcat.GracefulShutdown - Graceful shutdown complete
2025-12-05 15:41:59 INFO  [RMI TCP Connection(39)-127.0.0.1] [] o.a.coyote.http11.Http11NioProtocol - Stopping ProtocolHandler ["http-nio-8081"]
2025-12-05 15:41:59 INFO  [RMI TCP Connection(39)-127.0.0.1] [] o.s.o.j.LocalContainerEntityManagerFactoryBean - Closing JPA EntityManagerFactory for persistence unit 'default'
2025-12-05 15:41:59 INFO  [RMI TCP Connection(39)-127.0.0.1] [] com.zaxxer.hikari.HikariDataSource - HikariPool-5 - Shutdown initiated...
2025-12-05 15:41:59 INFO  [RMI TCP Connection(39)-127.0.0.1] [] com.zaxxer.hikari.HikariDataSource - HikariPool-5 - Shutdown completed.
2025-12-05 16:10:59 INFO  [restartedMain] [] com.auth.AuthAppApplication - Starting AuthAppApplication using Java 17.0.11 with PID 21460 (D:\Spring Boot Projects\authentication-app\auth-app-backend\target\classes started by Aadil Noor in D:\Spring Boot Projects\authentication-app\auth-app-backend)
2025-12-05 16:10:59 INFO  [restartedMain] [] com.auth.AuthAppApplication - The following 1 profile is active: "dev"
2025-12-05 16:11:00 INFO  [restartedMain] [] o.s.b.d.e.DevToolsPropertyDefaultsPostProcessor - Devtools property defaults active! Set 'spring.devtools.add-properties' to 'false' to disable
2025-12-05 16:11:00 INFO  [restartedMain] [] o.s.b.d.e.DevToolsPropertyDefaultsPostProcessor - For additional web related logging consider setting the 'logging.level.web' property to 'DEBUG'
2025-12-05 16:11:01 INFO  [background-preinit] [] o.h.validator.internal.util.Version - HV000001: Hibernate Validator 9.0.1.Final
2025-12-05 16:11:04 INFO  [restartedMain] [] o.s.d.r.c.RepositoryConfigurationDelegate - Bootstrapping Spring Data JPA repositories in DEFAULT mode.
2025-12-05 16:11:05 INFO  [restartedMain] [] o.s.d.r.c.RepositoryConfigurationDelegate - Finished Spring Data repository scanning in 233 ms. Found 3 JPA repository interfaces.
2025-12-05 16:11:08 INFO  [restartedMain] [] o.s.boot.tomcat.TomcatWebServer - Tomcat initialized with port 8081 (http)
2025-12-05 16:11:08 INFO  [restartedMain] [] o.a.coyote.http11.Http11NioProtocol - Initializing ProtocolHandler ["http-nio-8081"]
2025-12-05 16:11:08 INFO  [restartedMain] [] o.a.catalina.core.StandardService - Starting service [Tomcat]
2025-12-05 16:11:08 INFO  [restartedMain] [] o.a.catalina.core.StandardEngine - Starting Servlet engine: [Apache Tomcat/11.0.14]
2025-12-05 16:11:09 INFO  [restartedMain] [] o.s.b.w.c.s.WebApplicationContextInitializer - Root WebApplicationContext: initialization completed in 8284 ms
2025-12-05 16:11:09 INFO  [restartedMain] [] o.h.jpa.internal.util.LogHelper - HHH000204: Processing PersistenceUnitInfo [name: default]
2025-12-05 16:11:10 INFO  [restartedMain] [] org.hibernate.Version - HHH000412: Hibernate ORM core version 7.1.8.Final
2025-12-05 16:11:14 INFO  [restartedMain] [] o.s.o.j.p.SpringPersistenceUnitInfo - No LoadTimeWeaver setup: ignoring JPA class transformer
2025-12-05 16:11:14 INFO  [restartedMain] [] com.zaxxer.hikari.HikariDataSource - HikariPool-1 - Starting...
2025-12-05 16:11:16 INFO  [restartedMain] [] com.zaxxer.hikari.pool.HikariPool - HikariPool-1 - Added connection com.mysql.cj.jdbc.ConnectionImpl@50d70837
2025-12-05 16:11:16 INFO  [restartedMain] [] com.zaxxer.hikari.HikariDataSource - HikariPool-1 - Start completed.
2025-12-05 16:11:16 WARN  [restartedMain] [] org.hibernate.orm.deprecation - HHH90000025: MySQLDialect does not need to be specified explicitly using 'hibernate.dialect' (remove the property setting and it will be selected by default)
2025-12-05 16:11:17 INFO  [restartedMain] [] o.hibernate.orm.connections.pooling - HHH10001005: Database info:
	Database JDBC URL [jdbc:mysql://localhost:3306/auth_db]
	Database driver: MySQL Connector/J
	Database dialect: MySQLDialect
	Database version: 8.0.38
	Default catalog/schema: auth_db/undefined
	Autocommit mode: undefined/unknown
	Isolation level: REPEATABLE_READ [default REPEATABLE_READ]
	JDBC fetch size: none
	Pool: DatasourceConnectionProviderImpl
	Minimum pool size: undefined/unknown
	Maximum pool size: undefined/unknown
2025-12-05 16:11:24 INFO  [restartedMain] [] o.h.e.t.j.p.i.JtaPlatformInitiator - HHH000489: No JTA platform available (set 'hibernate.transaction.jta.platform' to enable JTA platform integration)
2025-12-05 16:11:25 INFO  [restartedMain] [] o.s.o.j.LocalContainerEntityManagerFactoryBean - Initialized JPA EntityManagerFactory for persistence unit 'default'
2025-12-05 16:11:25 INFO  [restartedMain] [] o.s.d.j.r.q.QueryEnhancerFactories - Hibernate is in classpath; If applicable, HQL parser will be used.
2025-12-05 16:11:30 WARN  [restartedMain] [] o.s.b.j.a.JpaBaseConfiguration$JpaWebConfiguration - spring.jpa.open-in-view is enabled by default. Therefore, database queries may be performed during view rendering. Explicitly configure spring.jpa.open-in-view to disable this warning
2025-12-05 16:11:31 INFO  [restartedMain] [] o.s.s.c.a.a.c.InitializeUserDetailsBeanManagerConfigurer$InitializeUserDetailsManagerConfigurer - Global AuthenticationManager configured with UserDetailsService bean with name customUserDetailsService
2025-12-05 16:11:32 WARN  [restartedMain] [] o.s.b.w.s.s.c.AnnotationConfigServletWebServerApplicationContext - Exception encountered during context initialization - cancelling refresh attempt: org.springframework.beans.factory.BeanCreationException: Error creating bean with name 'requestMappingHandlerMapping' defined in class path resource [org/springframework/boot/webmvc/autoconfigure/WebMvcAutoConfiguration$EnableWebMvcConfiguration.class]: Ambiguous mapping. Cannot map 'authController' method 
com.auth.controller.AuthController#logout(String, String)
to {POST [/api/auth/logout]}: There is already 'authController' bean method
com.auth.controller.AuthController#logout(String) mapped.
2025-12-05 16:11:32 INFO  [restartedMain] [] o.s.o.j.LocalContainerEntityManagerFactoryBean - Closing JPA EntityManagerFactory for persistence unit 'default'
2025-12-05 16:11:32 INFO  [restartedMain] [] com.zaxxer.hikari.HikariDataSource - HikariPool-1 - Shutdown initiated...
2025-12-05 16:11:32 INFO  [restartedMain] [] com.zaxxer.hikari.HikariDataSource - HikariPool-1 - Shutdown completed.
2025-12-05 16:11:32 INFO  [restartedMain] [] o.a.catalina.core.StandardService - Stopping service [Tomcat]
2025-12-05 16:11:33 INFO  [restartedMain] [] o.s.b.a.l.ConditionEvaluationReportLogger - 

Error starting ApplicationContext. To display the condition evaluation report re-run your application with 'debug' enabled.
2025-12-05 16:11:33 ERROR [restartedMain] [] o.s.boot.SpringApplication - Application run failed
org.springframework.beans.factory.BeanCreationException: Error creating bean with name 'requestMappingHandlerMapping' defined in class path resource [org/springframework/boot/webmvc/autoconfigure/WebMvcAutoConfiguration$EnableWebMvcConfiguration.class]: Ambiguous mapping. Cannot map 'authController' method 
com.auth.controller.AuthController#logout(String, String)
to {POST [/api/auth/logout]}: There is already 'authController' bean method
com.auth.controller.AuthController#logout(String) mapped.
	at org.springframework.beans.factory.support.AbstractAutowireCapableBeanFactory.initializeBean(AbstractAutowireCapableBeanFactory.java:1817)
	at org.springframework.beans.factory.support.AbstractAutowireCapableBeanFactory.doCreateBean(AbstractAutowireCapableBeanFactory.java:603)
	at org.springframework.beans.factory.support.AbstractAutowireCapableBeanFactory.createBean(AbstractAutowireCapableBeanFactory.java:525)
	at org.springframework.beans.factory.support.AbstractBeanFactory.lambda$doGetBean$0(AbstractBeanFactory.java:333)
	at org.springframework.beans.factory.support.DefaultSingletonBeanRegistry.getSingleton(DefaultSingletonBeanRegistry.java:371)
	at org.springframework.beans.factory.support.AbstractBeanFactory.doGetBean(AbstractBeanFactory.java:331)
	at org.springframework.beans.factory.support.AbstractBeanFactory.getBean(AbstractBeanFactory.java:196)
	at org.springframework.beans.factory.support.DefaultListableBeanFactory.instantiateSingleton(DefaultListableBeanFactory.java:1218)
	at org.springframework.beans.factory.support.DefaultListableBeanFactory.preInstantiateSingleton(DefaultListableBeanFactory.java:1184)
	at org.springframework.beans.factory.support.DefaultListableBeanFactory.preInstantiateSingletons(DefaultListableBeanFactory.java:1121)
	at org.springframework.context.support.AbstractApplicationContext.finishBeanFactoryInitialization(AbstractApplicationContext.java:983)
	at org.springframework.context.support.AbstractApplicationContext.refresh(AbstractApplicationContext.java:620)
	at org.springframework.boot.web.server.servlet.context.ServletWebServerApplicationContext.refresh(ServletWebServerApplicationContext.java:143)
	at org.springframework.boot.SpringApplication.refresh(SpringApplication.java:765)
	at org.springframework.boot.SpringApplication.refreshContext(SpringApplication.java:454)
	at org.springframework.boot.SpringApplication.run(SpringApplication.java:321)
	at org.springframework.boot.SpringApplication.run(SpringApplication.java:1374)
	at org.springframework.boot.SpringApplication.run(SpringApplication.java:1363)
	at com.auth.AuthAppApplication.main(AuthAppApplication.java:10)
	at java.base/jdk.internal.reflect.NativeMethodAccessorImpl.invoke0(Native Method)
	at java.base/jdk.internal.reflect.NativeMethodAccessorImpl.invoke(NativeMethodAccessorImpl.java:77)
	at java.base/jdk.internal.reflect.DelegatingMethodAccessorImpl.invoke(DelegatingMethodAccessorImpl.java:43)
	at java.base/java.lang.reflect.Method.invoke(Method.java:568)
	at org.springframework.boot.devtools.restart.RestartLauncher.run(RestartLauncher.java:52)
Caused by: java.lang.IllegalStateException: Ambiguous mapping. Cannot map 'authController' method 
com.auth.controller.AuthController#logout(String, String)
to {POST [/api/auth/logout]}: There is already 'authController' bean method
com.auth.controller.AuthController#logout(String) mapped.
	at org.springframework.web.servlet.handler.AbstractHandlerMethodMapping$MappingRegistry.validateMethodMapping(AbstractHandlerMethodMapping.java:645)
	at org.springframework.web.servlet.handler.AbstractHandlerMethodMapping$MappingRegistry.register(AbstractHandlerMethodMapping.java:606)
	at org.springframework.web.servlet.handler.AbstractHandlerMethodMapping.registerHandlerMethod(AbstractHandlerMethodMapping.java:327)
	at org.springframework.web.servlet.mvc.method.annotation.RequestMappingHandlerMapping.registerHandlerMethod(RequestMappingHandlerMapping.java:459)
	at org.springframework.web.servlet.mvc.method.annotation.RequestMappingHandlerMapping.registerHandlerMethod(RequestMappingHandlerMapping.java:80)
	at org.springframework.web.servlet.handler.AbstractHandlerMethodMapping.lambda$detectHandlerMethods$1(AbstractHandlerMethodMapping.java:294)
	at java.base/java.util.LinkedHashMap.forEach(LinkedHashMap.java:721)
	at org.springframework.web.servlet.handler.AbstractHandlerMethodMapping.detectHandlerMethods(AbstractHandlerMethodMapping.java:292)
	at org.springframework.web.servlet.handler.AbstractHandlerMethodMapping.processCandidateBean(AbstractHandlerMethodMapping.java:261)
	at org.springframework.web.servlet.handler.AbstractHandlerMethodMapping.initHandlerMethods(AbstractHandlerMethodMapping.java:220)
	at org.springframework.web.servlet.handler.AbstractHandlerMethodMapping.afterPropertiesSet(AbstractHandlerMethodMapping.java:208)
	at org.springframework.web.servlet.mvc.method.annotation.RequestMappingHandlerMapping.afterPropertiesSet(RequestMappingHandlerMapping.java:158)
	at org.springframework.beans.factory.support.AbstractAutowireCapableBeanFactory.invokeInitMethods(AbstractAutowireCapableBeanFactory.java:1864)
	at org.springframework.beans.factory.support.AbstractAutowireCapableBeanFactory.initializeBean(AbstractAutowireCapableBeanFactory.java:1813)
	... 23 common frames omitted
2025-12-05 16:18:05 INFO  [restartedMain] [] com.auth.AuthAppApplication - Starting AuthAppApplication using Java 17.0.11 with PID 21752 (D:\Spring Boot Projects\authentication-app\auth-app-backend\target\classes started by Aadil Noor in D:\Spring Boot Projects\authentication-app\auth-app-backend)
2025-12-05 16:18:05 INFO  [restartedMain] [] com.auth.AuthAppApplication - The following 1 profile is active: "dev"
2025-12-05 16:18:05 INFO  [restartedMain] [] o.s.b.d.e.DevToolsPropertyDefaultsPostProcessor - Devtools property defaults active! Set 'spring.devtools.add-properties' to 'false' to disable
2025-12-05 16:18:05 INFO  [restartedMain] [] o.s.b.d.e.DevToolsPropertyDefaultsPostProcessor - For additional web related logging consider setting the 'logging.level.web' property to 'DEBUG'
2025-12-05 16:18:08 INFO  [background-preinit] [] o.h.validator.internal.util.Version - HV000001: Hibernate Validator 9.0.1.Final
2025-12-05 16:18:14 INFO  [restartedMain] [] o.s.d.r.c.RepositoryConfigurationDelegate - Bootstrapping Spring Data JPA repositories in DEFAULT mode.
2025-12-05 16:18:15 INFO  [restartedMain] [] o.s.d.r.c.RepositoryConfigurationDelegate - Finished Spring Data repository scanning in 760 ms. Found 3 JPA repository interfaces.
2025-12-05 16:18:18 INFO  [restartedMain] [] o.s.boot.tomcat.TomcatWebServer - Tomcat initialized with port 8081 (http)
2025-12-05 16:18:18 INFO  [restartedMain] [] o.a.coyote.http11.Http11NioProtocol - Initializing ProtocolHandler ["http-nio-8081"]
2025-12-05 16:18:18 INFO  [restartedMain] [] o.a.catalina.core.StandardService - Starting service [Tomcat]
2025-12-05 16:18:18 INFO  [restartedMain] [] o.a.catalina.core.StandardEngine - Starting Servlet engine: [Apache Tomcat/11.0.14]
2025-12-05 16:18:19 INFO  [restartedMain] [] o.s.b.w.c.s.WebApplicationContextInitializer - Root WebApplicationContext: initialization completed in 13386 ms
2025-12-05 16:18:20 INFO  [restartedMain] [] o.h.jpa.internal.util.LogHelper - HHH000204: Processing PersistenceUnitInfo [name: default]
2025-12-05 16:18:20 INFO  [restartedMain] [] org.hibernate.Version - HHH000412: Hibernate ORM core version 7.1.8.Final
2025-12-05 16:18:23 INFO  [restartedMain] [] o.s.o.j.p.SpringPersistenceUnitInfo - No LoadTimeWeaver setup: ignoring JPA class transformer
2025-12-05 16:18:23 INFO  [restartedMain] [] com.zaxxer.hikari.HikariDataSource - HikariPool-1 - Starting...
2025-12-05 16:18:24 INFO  [restartedMain] [] com.zaxxer.hikari.pool.HikariPool - HikariPool-1 - Added connection com.mysql.cj.jdbc.ConnectionImpl@69c6aa87
2025-12-05 16:18:24 INFO  [restartedMain] [] com.zaxxer.hikari.HikariDataSource - HikariPool-1 - Start completed.
2025-12-05 16:18:25 WARN  [restartedMain] [] org.hibernate.orm.deprecation - HHH90000025: MySQLDialect does not need to be specified explicitly using 'hibernate.dialect' (remove the property setting and it will be selected by default)
2025-12-05 16:18:25 INFO  [restartedMain] [] o.hibernate.orm.connections.pooling - HHH10001005: Database info:
	Database JDBC URL [jdbc:mysql://localhost:3306/auth_db]
	Database driver: MySQL Connector/J
	Database dialect: MySQLDialect
	Database version: 8.0.38
	Default catalog/schema: auth_db/undefined
	Autocommit mode: undefined/unknown
	Isolation level: REPEATABLE_READ [default REPEATABLE_READ]
	JDBC fetch size: none
	Pool: DatasourceConnectionProviderImpl
	Minimum pool size: undefined/unknown
	Maximum pool size: undefined/unknown
2025-12-05 16:18:33 INFO  [restartedMain] [] o.h.e.t.j.p.i.JtaPlatformInitiator - HHH000489: No JTA platform available (set 'hibernate.transaction.jta.platform' to enable JTA platform integration)
2025-12-05 16:18:34 INFO  [restartedMain] [] o.s.o.j.LocalContainerEntityManagerFactoryBean - Initialized JPA EntityManagerFactory for persistence unit 'default'
2025-12-05 16:18:35 INFO  [restartedMain] [] o.s.d.j.r.q.QueryEnhancerFactories - Hibernate is in classpath; If applicable, HQL parser will be used.
2025-12-05 16:18:41 WARN  [restartedMain] [] o.s.b.j.a.JpaBaseConfiguration$JpaWebConfiguration - spring.jpa.open-in-view is enabled by default. Therefore, database queries may be performed during view rendering. Explicitly configure spring.jpa.open-in-view to disable this warning
2025-12-05 16:18:42 INFO  [restartedMain] [] o.s.s.c.a.a.c.InitializeUserDetailsBeanManagerConfigurer$InitializeUserDetailsManagerConfigurer - Global AuthenticationManager configured with UserDetailsService bean with name customUserDetailsService
2025-12-05 16:18:46 INFO  [restartedMain] [] o.a.coyote.http11.Http11NioProtocol - Starting ProtocolHandler ["http-nio-8081"]
2025-12-05 16:18:47 INFO  [restartedMain] [] o.s.boot.tomcat.TomcatWebServer - Tomcat started on port 8081 (http) with context path '/'
2025-12-05 16:18:47 INFO  [restartedMain] [] com.auth.AuthAppApplication - Started AuthAppApplication in 45.966 seconds (process running for 49.29)
2025-12-05 16:22:36 INFO  [http-nio-8081-exec-2] [] o.a.c.c.C.[Tomcat].[localhost].[/] - Initializing Spring DispatcherServlet 'dispatcherServlet'
2025-12-05 16:22:36 INFO  [http-nio-8081-exec-2] [] o.s.web.servlet.DispatcherServlet - Initializing Servlet 'dispatcherServlet'
2025-12-05 16:22:36 INFO  [http-nio-8081-exec-2] [] o.s.web.servlet.DispatcherServlet - Completed initialization in 6 ms
2025-12-05 16:22:37 INFO  [http-nio-8081-exec-2] [REQ-72839] c.a.service.impl.RefreshTokenService - Refresh token created for zaid@gmail.com
2025-12-05 16:26:34 INFO  [http-nio-8081-exec-7] [REQ-75309] c.a.service.impl.RefreshTokenService - Refresh token created for zaid@gmail.com
2025-12-05 16:27:06 INFO  [http-nio-8081-exec-6] [] c.a.s.CustomUserDetailsService - Authenticating user with email: zaid@gmail.com
2025-12-05 16:27:06 INFO  [http-nio-8081-exec-6] [] c.a.s.CustomUserDetailsService - User 'zaid@gmail.com' authenticated with roles []
2025-12-05 16:27:06 INFO  [http-nio-8081-exec-6] [REQ-93877] com.auth.service.impl.AuthService - User zaid@gmail.co logged out. Access token invalidated.
2025-12-05 16:27:50 WARN  [http-nio-8081-exec-9] [] c.a.security.JwtAuthenticationFilter - Blocked token used: eyJhbGciOiJIUzI1NiJ9.eyJzdWIiOiJ6YWlkQGdtYWlsLmNvbSIsImlhdCI6MTc2NDkzMjE5NCwiZXhwIjoxNzY0OTMzMDk0fQ.123GEkOXbibkV5YJ4mmc71HgkhKnVPMTUpE7v72YKMg
